<?xml version="1.0" encoding="UTF-8"?>
<testng-results skipped="0" failed="0" ignored="0" total="1" passed="1">
  <reporter-output>
  </reporter-output>
  <suite name="Default suite" duration-ms="6026" started-at="2018-06-21T03:31:27Z" finished-at="2018-06-21T03:31:33Z">
    <groups>
    </groups>
    <test name="Default test" duration-ms="6026" started-at="2018-06-21T03:31:27Z" finished-at="2018-06-21T03:31:33Z">
      <class name="com.simpleprojectps.steptests.SimpleUAT">
        <test-method status="PASS" signature="startUp()[pri:0, instance:com.simpleprojectps.steptests.SimpleUAT@1500b2f3]" name="startUp" is-config="true" duration-ms="4789" started-at="2018-06-21T03:31:27Z" finished-at="2018-06-21T03:31:31Z">
          <reporter-output>
          </reporter-output>
        </test-method> <!-- startUp -->
        <test-method status="PASS" signature="test1()[pri:0, instance:com.simpleprojectps.steptests.SimpleUAT@1500b2f3]" name="test1" duration-ms="1224" started-at="2018-06-21T03:31:31Z" finished-at="2018-06-21T03:31:33Z">
          <reporter-output>
          </reporter-output>
        </test-method> <!-- test1 -->
      </class> <!-- com.simpleprojectps.steptests.SimpleUAT -->
    </test> <!-- Default test -->
  </suite> <!-- Default suite -->
</testng-results>
